#
# There is insufficient memory for the Java Runtime Environment to continue.
# Native memory allocation (malloc) failed to allocate 1085056 bytes for Chunk::new
# Possible reasons:
#   The system is out of physical RAM or swap space
#   The process is running with CompressedOops enabled, and the Java Heap may be blocking the growth of the native heap
# Possible solutions:
#   Reduce memory load on the system
#   Increase physical memory or swap space
#   Check if swap backing store is full
#   Decrease Java heap size (-Xmx/-Xms)
#   Decrease number of Java threads
#   Decrease Java thread stack sizes (-Xss)
#   Set larger code cache with -XX:ReservedCodeCacheSize=
#   JVM is running with Unscaled Compressed Oops mode in which the Java heap is
#     placed in the first 4GB address space. The Java Heap base address is the
#     maximum limit for the native heap growth. Please use -XX:HeapBaseMinAddress
#     to set the Java Heap base and to place the Java Heap above 4GB virtual address.
# This output file may be truncated or incomplete.
#
#  Out of Memory Error (allocation.cpp:389), pid=21400, tid=0x0000000000002594
#
# JRE version: OpenJDK Runtime Environment (8.0_242-b01) (build 1.8.0_242-release-1644-b01)
# Java VM: OpenJDK 64-Bit Server VM (25.242-b01 mixed mode windows-amd64 compressed oops)
# Failed to write core dump. Minidumps are not enabled by default on client versions of Windows
#

---------------  T H R E A D  ---------------

Current thread (0x0000000019514800):  JavaThread "C2 CompilerThread1" daemon [_thread_in_native, id=9620, stack(0x0000000019ee0000,0x0000000019fe0000)]

Stack: [0x0000000019ee0000,0x0000000019fe0000]
[error occurred during error reporting (printing stack bounds), id 0xc0000005]

Native frames: (J=compiled Java code, j=interpreted, Vv=VM code, C=native code)


Current CompileTask:
C2: 272026 25944 %     4       com.android.tools.r8.ir.conversion.N::a @ 803 (3075 bytes)


---------------  P R O C E S S  ---------------

Java Threads: ( => current thread )
  0x000000001c02b800 JavaThread "ForkJoinPool.commonPool-worker-6" daemon [_thread_blocked, id=21964, stack(0x000000002fb20000,0x000000002fc20000)]
  0x000000001c028800 JavaThread "ForkJoinPool.commonPool-worker-5" daemon [_thread_blocked, id=10388, stack(0x000000002fa20000,0x000000002fb20000)]
  0x000000001c027800 JavaThread "ForkJoinPool.commonPool-worker-4" daemon [_thread_blocked, id=11360, stack(0x000000002f920000,0x000000002fa20000)]
  0x000000001c027000 JavaThread "ForkJoinPool.commonPool-worker-2" daemon [_thread_blocked, id=9668, stack(0x000000002f820000,0x000000002f920000)]
  0x00000000215b9000 JavaThread "ForkJoinPool.commonPool-worker-1" daemon [_thread_blocked, id=19756, stack(0x000000002f620000,0x000000002f720000)]
  0x00000000215bb000 JavaThread "ForkJoinPool.commonPool-worker-0" daemon [_thread_blocked, id=23164, stack(0x000000002f520000,0x000000002f620000)]
  0x00000000215b0800 JavaThread "WorkerExecutor Queue Thread 8" [_thread_in_Java, id=22144, stack(0x000000002f220000,0x000000002f320000)]
  0x00000000215b7800 JavaThread "WorkerExecutor Queue Thread 7" [_thread_blocked, id=9448, stack(0x000000002f120000,0x000000002f220000)]
  0x00000000215b3000 JavaThread "WorkerExecutor Queue Thread 6" [_thread_in_Java, id=16128, stack(0x000000002ef20000,0x000000002f020000)]
  0x00000000215b6800 JavaThread "WorkerExecutor Queue Thread 5" [_thread_blocked, id=19872, stack(0x000000002ee20000,0x000000002ef20000)]
  0x00000000215af800 JavaThread "WorkerExecutor Queue Thread 4" [_thread_blocked, id=3836, stack(0x000000002ed20000,0x000000002ee20000)]
  0x00000000215b5000 JavaThread "WorkerExecutor Queue Thread 3" [_thread_in_vm, id=4476, stack(0x000000002c5b0000,0x000000002c6b0000)]
  0x000000001fbc9000 JavaThread "WorkerExecutor Queue Thread 2" [_thread_blocked, id=8056, stack(0x000000002c9a0000,0x000000002caa0000)]
  0x000000001fbc1800 JavaThread "Cache worker for Java compile cache (C:\Users\dolba\AndroidStudioProjects\CardsNew\.gradle\6.1.1\javaCompile)" [_thread_blocked, id=20148, stack(0x000000002a540000,0x000000002a640000)]
  0x000000001fbc7000 JavaThread "Cache worker for Java compile cache (C:\Users\dolba\.gradle\caches\6.1.1\javaCompile)" [_thread_blocked, id=20180, stack(0x0000000029f40000,0x000000002a040000)]
  0x000000001fbc5800 JavaThread "RMI TCP Connection(7)-127.0.0.1" daemon [_thread_in_native, id=21372, stack(0x0000000029a40000,0x0000000029b40000)]
  0x00000000219ae800 JavaThread "WorkerExecutor Queue" [_thread_in_Java, id=15008, stack(0x0000000029700000,0x0000000029800000)]
  0x00000000219ad000 JavaThread "RMI TCP Connection(6)-127.0.0.1" daemon [_thread_in_native, id=19848, stack(0x00000000291c0000,0x00000000292c0000)]
  0x00000000219af800 JavaThread "RMI TCP Connection(8)-127.0.0.1" daemon [_thread_in_native, id=4292, stack(0x0000000028c50000,0x0000000028d50000)]
  0x00000000219a5000 JavaThread "Cache worker for execution history cache (C:\Users\dolba\AndroidStudioProjects\CardsNew\.gradle\6.1.1\executionHistory)" [_thread_blocked, id=1868, stack(0x0000000028240000,0x0000000028340000)]
  0x00000000219a4000 JavaThread "Execution worker for ':' Thread 7" [_thread_blocked, id=5464, stack(0x0000000027f40000,0x0000000028040000)]
  0x00000000219a5800 JavaThread "Execution worker for ':' Thread 6" [_thread_blocked, id=9660, stack(0x0000000027e40000,0x0000000027f40000)]
  0x00000000269b0000 JavaThread "Execution worker for ':' Thread 5" [_thread_blocked, id=8312, stack(0x0000000027d40000,0x0000000027e40000)]
  0x00000000269ae800 JavaThread "Execution worker for ':' Thread 4" [_thread_in_Java, id=332, stack(0x0000000027950000,0x0000000027a50000)]
  0x00000000269af800 JavaThread "Execution worker for ':' Thread 3" [_thread_blocked, id=9800, stack(0x0000000027850000,0x0000000027950000)]
  0x00000000269ad000 JavaThread "Execution worker for ':' Thread 2" [_thread_blocked, id=12276, stack(0x0000000027750000,0x0000000027850000)]
  0x00000000269ae000 JavaThread "Execution worker for ':'" [_thread_blocked, id=9704, stack(0x0000000027540000,0x0000000027640000)]
  0x00000000269a5800 JavaThread "Cache worker for file content cache (C:\Users\dolba\AndroidStudioProjects\CardsNew\.gradle\6.1.1\fileContent)" [_thread_blocked, id=13608, stack(0x0000000027650000,0x0000000027750000)]
  0x00000000269ab000 JavaThread "Cache worker for Build Output Cleanup Cache (C:\Users\dolba\AndroidStudioProjects\CardsNew\.gradle\buildOutputCleanup)" [_thread_blocked, id=4004, stack(0x0000000027440000,0x0000000027540000)]
  0x00000000269aa000 JavaThread "Build operations Thread 8" [_thread_blocked, id=9752, stack(0x0000000025cb0000,0x0000000025db0000)]
  0x00000000269a5000 JavaThread "Build operations Thread 7" [_thread_blocked, id=11936, stack(0x0000000025ab0000,0x0000000025bb0000)]
  0x00000000269ab800 JavaThread "Build operations Thread 6" [_thread_blocked, id=4880, stack(0x0000000024920000,0x0000000024a20000)]
  0x00000000269a9800 JavaThread "Build operations Thread 5" [_thread_blocked, id=9008, stack(0x0000000024220000,0x0000000024320000)]
  0x00000000269a2000 JavaThread "Build operations Thread 4" [_thread_blocked, id=15860, stack(0x0000000024120000,0x0000000024220000)]
  0x00000000269a8800 JavaThread "Build operations Thread 3" [_thread_blocked, id=17104, stack(0x0000000024020000,0x0000000024120000)]
  0x00000000269a4000 JavaThread "Build operations Thread 2" [_thread_blocked, id=12620, stack(0x0000000023f20000,0x0000000024020000)]
  0x00000000269a6800 JavaThread "Build operations" [_thread_blocked, id=14256, stack(0x0000000023bf0000,0x0000000023cf0000)]
  0x00000000269a1000 JavaThread "Cache worker for cache directory md-rule (C:\Users\dolba\.gradle\caches\6.1.1\md-rule)" [_thread_blocked, id=5220, stack(0x0000000023af0000,0x0000000023bf0000)]
  0x00000000269a3800 JavaThread "Cache worker for cache directory md-supplier (C:\Users\dolba\.gradle\caches\6.1.1\md-supplier)" [_thread_blocked, id=1052, stack(0x00000000239f0000,0x0000000023af0000)]
  0x000000001c84b800 JavaThread "Cache worker for file hash cache (C:\Users\dolba\AndroidStudioProjects\CardsNew\.gradle\6.1.1\fileHashes)" [_thread_blocked, id=3068, stack(0x0000000022310000,0x0000000022410000)]
  0x000000001c84e800 JavaThread "Cache worker for checksums cache (C:\Users\dolba\AndroidStudioProjects\CardsNew\.gradle\checksums)" [_thread_blocked, id=3628, stack(0x00000000207b0000,0x00000000208b0000)]
  0x000000001c84a000 JavaThread "Thread-89" [_thread_blocked, id=4036, stack(0x00000000204b0000,0x00000000205b0000)]
  0x000000001c841800 JavaThread "Stdin handler" [_thread_blocked, id=13628, stack(0x000000001dd10000,0x000000001de10000)]
  0x000000001c841000 JavaThread "Asynchronous log dispatcher for DefaultDaemonConnection: socket connection from /127.0.0.1:2831 to /127.0.0.1:2916" [_thread_blocked, id=13668, stack(0x000000001da10000,0x000000001db10000)]
  0x000000001c845800 JavaThread "Daemon worker Thread 3" [_thread_blocked, id=4220, stack(0x000000001d510000,0x000000001d610000)]
  0x000000001c843000 JavaThread "Cancel handler" [_thread_blocked, id=10980, stack(0x0000000000970000,0x0000000000a70000)]
  0x000000001c846000 JavaThread "Handler for socket connection from /127.0.0.1:2831 to /127.0.0.1:2916" [_thread_in_native, id=10976, stack(0x0000000000830000,0x0000000000930000)]
  0x000000001c844000 JavaThread "Daemon Thread 3" [_thread_blocked, id=1572, stack(0x0000000000730000,0x0000000000830000)]
  0x000000001c849000 JavaThread "RMI Reaper" [_thread_blocked, id=9284, stack(0x000000002a440000,0x000000002a540000)]
  0x000000001c84d000 JavaThread "RMI TCP Accept-0" daemon [_thread_in_native, id=19552, stack(0x000000002a340000,0x000000002a440000)]
  0x000000001c84c000 JavaThread "GC Daemon" daemon [_thread_blocked, id=8648, stack(0x000000002a040000,0x000000002a140000)]
  0x000000001c840000 JavaThread "RMI Scheduler(0)" daemon [_thread_blocked, id=19020, stack(0x0000000028440000,0x0000000028540000)]
  0x00000000215b9800 JavaThread "Cache worker for file content cache (C:\Users\dolba\.gradle\caches\6.1.1\fileContent)" [_thread_blocked, id=10068, stack(0x0000000025520000,0x0000000025620000)]
  0x00000000215bf000 JavaThread "Memory manager" [_thread_blocked, id=3040, stack(0x0000000025420000,0x0000000025520000)]
  0x000000001c029000 JavaThread "Cache worker for execution history cache (C:\Users\dolba\.gradle\caches\6.1.1\executionHistory)" [_thread_blocked, id=2160, stack(0x0000000020970000,0x0000000020a70000)]
  0x000000001c02d800 JavaThread "Cache worker for file hash cache (C:\Users\dolba\.gradle\caches\6.1.1\fileHashes)" [_thread_blocked, id=20900, stack(0x000000001e210000,0x000000001e310000)]
  0x000000001c02d000 JavaThread "File lock request listener" [_thread_in_native, id=23344, stack(0x000000001e110000,0x000000001e210000)]
  0x000000001c37f000 JavaThread "Cache worker for journal cache (C:\Users\dolba\.gradle\caches\journal-1)" [_thread_blocked, id=22616, stack(0x000000001e010000,0x000000001e110000)]
  0x000000001c0b0800 JavaThread "Daemon periodic checks" [_thread_blocked, id=17656, stack(0x000000001d410000,0x000000001d510000)]
  0x000000001c04e800 JavaThread "Incoming local TCP Connector on port 2831" [_thread_in_native, id=3100, stack(0x000000001d1c0000,0x000000001d2c0000)]
  0x000000001c005000 JavaThread "Daemon health stats" [_thread_blocked, id=19832, stack(0x000000001cb80000,0x000000001cc80000)]
  0x000000001959d800 JavaThread "Service Thread" daemon [_thread_blocked, id=20536, stack(0x000000001a1e0000,0x000000001a2e0000)]
  0x0000000019523800 JavaThread "C1 CompilerThread3" daemon [_thread_in_native, id=14216, stack(0x000000001a0e0000,0x000000001a1e0000)]
  0x000000001951a000 JavaThread "C2 CompilerThread2" daemon [_thread_in_native, id=16328, stack(0x0000000019fe0000,0x000000001a0e0000)]
=>0x0000000019514800 JavaThread "C2 CompilerThread1" daemon [_thread_in_native, id=9620, stack(0x0000000019ee0000,0x0000000019fe0000)]
  0x0000000019510800 JavaThread "C2 CompilerThread0" daemon [_thread_in_native, id=19572, stack(0x0000000019de0000,0x0000000019ee0000)]
  0x000000001950f000 JavaThread "Attach Listener" daemon [_thread_blocked, id=14184, stack(0x0000000019ce0000,0x0000000019de0000)]
  0x000000001771e000 JavaThread "Signal Dispatcher" daemon [_thread_blocked, id=16296, stack(0x0000000019be0000,0x0000000019ce0000)]
  0x0000000019500800 JavaThread "Finalizer" daemon [_thread_blocked, id=14828, stack(0x00000000199e0000,0x0000000019ae0000)]
  0x0000000002698800 JavaThread "Reference Handler" daemon [_thread_blocked, id=20468, stack(0x00000000198e0000,0x00000000199e0000)]
  0x000000000249e800 JavaThread "main" [_thread_blocked, id=1668, stack(0x00000000024a0000,0x00000000025a0000)]

Other Threads:
  0x0000000017707000 VMThread [stack: 0x00000000193e0000,0x00000000194e0000] [id=19852]
  0x00000000195ae800 WatcherThread [stack: 0x000000001a2e0000,0x000000001a3e0000] [id=22728]

VM state:not at safepoint (normal execution)

VM Mutex/Monitor currently owned by a thread: None

OutOfMemory and StackOverflow Exception counts:
OutOfMemoryError java_heap_errors=3

heap address: 0x0000000080000000, size: 2048 MB, Compressed Oops mode: 32-bit
Narrow klass base: 0x0000000000000000, Narrow klass shift: 3
Compressed class space size: 1073741824 Address: 0x0000000100000000

Heap:
 PSYoungGen      total 549888K, used 377331K [0x00000000d5580000, 0x0000000100000000, 0x0000000100000000)
  eden space 453120K, 65% used [0x00000000d5580000,0x00000000e77b7390,0x00000000f1000000)
  from space 96768K, 82% used [0x00000000fa180000,0x00000000fefc5918,0x0000000100000000)
  to   space 122880K, 0% used [0x00000000f1000000,0x00000000f1000000,0x00000000f8800000)
 ParOldGen       total 412672K, used 209353K [0x0000000080000000, 0x0000000099300000, 0x00000000d5580000)
  object space 412672K, 50% used [0x0000000080000000,0x000000008cc727e0,0x0000000099300000)
 Metaspace       used 146517K, capacity 155132K, committed 155288K, reserved 1183744K
  class space    used 18831K, capacity 20552K, committed 20656K, reserved 1048576K

Card table byte_map: [0x0000000011a60000,0x0000000011e70000] byte_map_base: 0x0000000011660000

Marking Bits: (ParMarkBitMap*) 0x000000005c59f030
 Begin Bits: [0x0000000012920000, 0x0000000014920000)
 End Bits:   [0x0000000014920000, 0x0000000016920000)

Polling page: 0x0000000000b40000

CodeCache: size=245760Kb used=67444Kb max_used=67444Kb free=178315Kb
 bounds [0x00000000026a0000, 0x00000000068e0000, 0x00000000116a0000]
 total_blobs=21849 nmethods=20904 adapters=856
 compilation: enabled

Compilation events (10 events):
Event: 272.021 Thread 0x0000000019523800 nmethod 26183 0x00000000068d1bd0 code [0x00000000068d1d20, 0x00000000068d1e70]
Event: 272.021 Thread 0x0000000019523800 26184       2       com.android.tools.r8.dex.a$a$$Lambda$2386/793819656::accept (14 bytes)
Event: 272.021 Thread 0x0000000019523800 nmethod 26184 0x00000000068d1f10 code [0x00000000068d2080, 0x00000000068d2228]
Event: 272.021 Thread 0x0000000019523800 26187       2       com.android.tools.r8.dex.a$a$$Lambda$2397/768081200::<init> (20 bytes)
Event: 272.021 Thread 0x0000000019523800 nmethod 26187 0x00000000068d22d0 code [0x00000000068d2420, 0x00000000068d25b0]
Event: 272.021 Thread 0x0000000019523800 26188   !   2       com.android.tools.r8.dex.a$a::a (51 bytes)
Event: 272.021 Thread 0x0000000019523800 nmethod 26188 0x00000000068d2650 code [0x00000000068d2800, 0x00000000068d2b18]
Event: 272.021 Thread 0x0000000019523800 26186       2       com.android.tools.r8.graph.p$$Lambda$2379/1510351156::a (44 bytes)
Event: 272.022 Thread 0x0000000019523800 nmethod 26186 0x00000000068d2d50 code [0x00000000068d2ec0, 0x00000000068d3168]
Event: 272.022 Thread 0x0000000019523800 26192       2       com.android.tools.r8.ir.optimize.l::n (1868 bytes)

GC Heap History (10 events):
Event: 106.353 GC heap before
{Heap before GC invocations=16 (full 4):
 PSYoungGen      total 494080K, used 439808K [0x00000000d5580000, 0x00000000fc000000, 0x0000000100000000)
  eden space 439808K, 100% used [0x00000000d5580000,0x00000000f0300000,0x00000000f0300000)
  from space 54272K, 0% used [0x00000000f0300000,0x00000000f0300000,0x00000000f3800000)
  to   space 57344K, 0% used [0x00000000f8800000,0x00000000f8800000,0x00000000fc000000)
 ParOldGen       total 412672K, used 87083K [0x0000000080000000, 0x0000000099300000, 0x00000000d5580000)
  object space 412672K, 21% used [0x0000000080000000,0x000000008550ad38,0x0000000099300000)
 Metaspace       used 102998K, capacity 107146K, committed 107416K, reserved 1142784K
  class space    used 13063K, capacity 13985K, committed 14000K, reserved 1048576K
Event: 106.372 GC heap after
Heap after GC invocations=16 (full 4):
 PSYoungGen      total 569856K, used 34983K [0x00000000d5580000, 0x00000000fbd80000, 0x0000000100000000)
  eden space 515072K, 0% used [0x00000000d5580000,0x00000000d5580000,0x00000000f4c80000)
  from space 54784K, 63% used [0x00000000f8800000,0x00000000faa29db8,0x00000000fbd80000)
  to   space 57856K, 0% used [0x00000000f4c80000,0x00000000f4c80000,0x00000000f8500000)
 ParOldGen       total 412672K, used 87091K [0x0000000080000000, 0x0000000099300000, 0x00000000d5580000)
  object space 412672K, 21% used [0x0000000080000000,0x000000008550cd38,0x0000000099300000)
 Metaspace       used 102998K, capacity 107146K, committed 107416K, reserved 1142784K
  class space    used 13063K, capacity 13985K, committed 14000K, reserved 1048576K
}
Event: 258.591 GC heap before
{Heap before GC invocations=17 (full 4):
 PSYoungGen      total 569856K, used 550055K [0x00000000d5580000, 0x00000000fbd80000, 0x0000000100000000)
  eden space 515072K, 100% used [0x00000000d5580000,0x00000000f4c80000,0x00000000f4c80000)
  from space 54784K, 63% used [0x00000000f8800000,0x00000000faa29db8,0x00000000fbd80000)
  to   space 57856K, 0% used [0x00000000f4c80000,0x00000000f4c80000,0x00000000f8500000)
 ParOldGen       total 412672K, used 87091K [0x0000000080000000, 0x0000000099300000, 0x00000000d5580000)
  object space 412672K, 21% used [0x0000000080000000,0x000000008550cd38,0x0000000099300000)
 Metaspace       used 117548K, capacity 122944K, committed 123160K, reserved 1157120K
  class space    used 14947K, capacity 16112K, committed 16176K, reserved 1048576K
Event: 258.647 GC heap after
Heap after GC invocations=17 (full 4):
 PSYoungGen      total 572928K, used 57850K [0x00000000d5580000, 0x0000000100000000, 0x0000000100000000)
  eden space 515072K, 0% used [0x00000000d5580000,0x00000000d5580000,0x00000000f4c80000)
  from space 57856K, 99% used [0x00000000f4c80000,0x00000000f84fea58,0x00000000f8500000)
  to   space 71680K, 0% used [0x00000000fba00000,0x00000000fba00000,0x0000000100000000)
 ParOldGen       total 412672K, used 101559K [0x0000000080000000, 0x0000000099300000, 0x00000000d5580000)
  object space 412672K, 24% used [0x0000000080000000,0x000000008632dc08,0x0000000099300000)
 Metaspace       used 117548K, capacity 122944K, committed 123160K, reserved 1157120K
  class space    used 14947K, capacity 16112K, committed 16176K, reserved 1048576K
}
Event: 262.442 GC heap before
{Heap before GC invocations=18 (full 4):
 PSYoungGen      total 572928K, used 572922K [0x00000000d5580000, 0x0000000100000000, 0x0000000100000000)
  eden space 515072K, 100% used [0x00000000d5580000,0x00000000f4c80000,0x00000000f4c80000)
  from space 57856K, 99% used [0x00000000f4c80000,0x00000000f84fea58,0x00000000f8500000)
  to   space 71680K, 0% used [0x00000000fba00000,0x00000000fba00000,0x0000000100000000)
 ParOldGen       total 412672K, used 101559K [0x0000000080000000, 0x0000000099300000, 0x00000000d5580000)
  object space 412672K, 24% used [0x0000000080000000,0x000000008632dc08,0x0000000099300000)
 Metaspace       used 132243K, capacity 139134K, committed 139416K, reserved 1171456K
  class space    used 16879K, capacity 18285K, committed 18352K, reserved 1048576K
Event: 262.500 GC heap after
Heap after GC invocations=18 (full 4):
 PSYoungGen      total 577024K, used 71652K [0x00000000d5580000, 0x0000000100000000, 0x0000000100000000)
  eden space 505344K, 0% used [0x00000000d5580000,0x00000000d5580000,0x00000000f4300000)
  from space 71680K, 99% used [0x00000000fba00000,0x00000000ffff91f0,0x0000000100000000)
  to   space 96768K, 0% used [0x00000000f4300000,0x00000000f4300000,0x00000000fa180000)
 ParOldGen       total 412672K, used 139395K [0x0000000080000000, 0x0000000099300000, 0x00000000d5580000)
  object space 412672K, 33% used [0x0000000080000000,0x0000000088820fa8,0x0000000099300000)
 Metaspace       used 132243K, capacity 139134K, committed 139416K, reserved 1171456K
  class space    used 16879K, capacity 18285K, committed 18352K, reserved 1048576K
}
Event: 269.420 GC heap before
{Heap before GC invocations=19 (full 4):
 PSYoungGen      total 577024K, used 576996K [0x00000000d5580000, 0x0000000100000000, 0x0000000100000000)
  eden space 505344K, 100% used [0x00000000d5580000,0x00000000f4300000,0x00000000f4300000)
  from space 71680K, 99% used [0x00000000fba00000,0x00000000ffff91f0,0x0000000100000000)
  to   space 96768K, 0% used [0x00000000f4300000,0x00000000f4300000,0x00000000fa180000)
 ParOldGen       total 412672K, used 139395K [0x0000000080000000, 0x0000000099300000, 0x00000000d5580000)
  object space 412672K, 33% used [0x0000000080000000,0x0000000088820fa8,0x0000000099300000)
 Metaspace       used 137065K, capacity 144288K, committed 144536K, reserved 1175552K
  class space    used 17443K, capacity 18842K, committed 18864K, reserved 1048576K
Event: 269.470 GC heap after
Heap after GC invocations=19 (full 4):
 PSYoungGen      total 602112K, used 96751K [0x00000000d5580000, 0x0000000100000000, 0x0000000100000000)
  eden space 505344K, 0% used [0x00000000d5580000,0x00000000d5580000,0x00000000f4300000)
  from space 96768K, 99% used [0x00000000f4300000,0x00000000fa17bef0,0x00000000fa180000)
  to   space 96768K, 0% used [0x00000000fa180000,0x00000000fa180000,0x0000000100000000)
 ParOldGen       total 412672K, used 151603K [0x0000000080000000, 0x0000000099300000, 0x00000000d5580000)
  object space 412672K, 36% used [0x0000000080000000,0x000000008940cc10,0x0000000099300000)
 Metaspace       used 137065K, capacity 144288K, committed 144536K, reserved 1175552K
  class space    used 17443K, capacity 18842K, committed 18864K, reserved 1048576K
}
Event: 270.691 GC heap before
{Heap before GC invocations=20 (full 4):
 PSYoungGen      total 602112K, used 602095K [0x00000000d5580000, 0x0000000100000000, 0x0000000100000000)
  eden space 505344K, 100% used [0x00000000d5580000,0x00000000f4300000,0x00000000f4300000)
  from space 96768K, 99% used [0x00000000f4300000,0x00000000fa17bef0,0x00000000fa180000)
  to   space 96768K, 0% used [0x00000000fa180000,0x00000000fa180000,0x0000000100000000)
 ParOldGen       total 412672K, used 151603K [0x0000000080000000, 0x0000000099300000, 0x00000000d5580000)
  object space 412672K, 36% used [0x0000000080000000,0x000000008940cc10,0x0000000099300000)
 Metaspace       used 145444K, capacity 154050K, committed 154136K, reserved 1183744K
  class space    used 18775K, capacity 20477K, committed 20528K, reserved 1048576K
Event: 270.761 GC heap after
Heap after GC invocations=20 (full 4):
 PSYoungGen      total 549888K, used 80150K [0x00000000d5580000, 0x0000000100000000, 0x0000000100000000)
  eden space 453120K, 0% used [0x00000000d5580000,0x00000000d5580000,0x00000000f1000000)
  from space 96768K, 82% used [0x00000000fa180000,0x00000000fefc5918,0x0000000100000000)
  to   space 122880K, 0% used [0x00000000f1000000,0x00000000f1000000,0x00000000f8800000)
 ParOldGen       total 412672K, used 209353K [0x0000000080000000, 0x0000000099300000, 0x00000000d5580000)
  object space 412672K, 50% used [0x0000000080000000,0x000000008cc727e0,0x0000000099300000)
 Metaspace       used 145444K, capacity 154050K, committed 154136K, reserved 1183744K
  class space    used 18775K, capacity 20477K, committed 20528K, reserved 1048576K
}

Deoptimization events (10 events):
Event: 271.186 Thread 0x00000000215b3000 Uncommon trap: reason=class_check action=maybe_recompile pc=0x0000000002f8d6a8 method=com.android.tools.r8.u.b.p.remove()V @ 109
Event: 271.232 Thread 0x00000000215b3000 Uncommon trap: reason=unstable_if action=reinterpret pc=0x00000000064ad500 method=com.android.tools.r8.graph.e0.c(Lcom/android/tools/r8/graph/e0;)I @ 141
Event: 271.270 Thread 0x000000001fbc9000 Uncommon trap: reason=unstable_if action=reinterpret pc=0x0000000006587cb0 method=com.android.tools.r8.ir.conversion.o.a(Lcom/android/tools/r8/ir/conversion/N;IZ)V @ 605
Event: 271.280 Thread 0x00000000215b5000 Uncommon trap: reason=array_check action=maybe_recompile pc=0x0000000005e478ac method=java.util.TimSort.reverseRange([Ljava/lang/Object;II)V @ 27
Event: 271.280 Thread 0x00000000215b5000 Uncommon trap: reason=array_check action=maybe_recompile pc=0x0000000005e478ac method=java.util.TimSort.reverseRange([Ljava/lang/Object;II)V @ 27
Event: 271.769 Thread 0x00000000215b3000 Uncommon trap: reason=null_check action=make_not_entrant pc=0x00000000066d276c method=com.android.tools.r8.ir.conversion.o.a(II)Lcom/android/tools/r8/graph/r; @ 14
Event: 272.017 Thread 0x00000000215b5000 Uncommon trap: reason=class_check action=maybe_recompile pc=0x0000000002f8d6a8 method=com.android.tools.r8.u.b.p.remove()V @ 109
Event: 272.022 Thread 0x00000000215b7800 Uncommon trap: reason=class_check action=maybe_recompile pc=0x0000000002c26800 method=java.lang.Throwable.<init>(Ljava/lang/String;Ljava/lang/Throwable;)V @ 24
Event: 272.023 Thread 0x00000000215b7800 Uncommon trap: reason=class_check action=maybe_recompile pc=0x0000000002c26800 method=java.lang.Throwable.<init>(Ljava/lang/String;Ljava/lang/Throwable;)V @ 24
Event: 272.023 Thread 0x00000000215b7800 Uncommon trap: reason=class_check action=maybe_recompile pc=0x0000000002c26800 method=java.lang.Throwable.<init>(Ljava/lang/String;Ljava/lang/Throwable;)V @ 24

Classes redefined (0 events):
No events

Internal exceptions (10 events):
Event: 272.000 Thread 0x00000000269ae800 Exception <a 'sun/nio/fs/WindowsException'> (0x00000000e6876e50) thrown at [C:\src\AOSP-openjdk-git\hotspot\src\share\vm\prims\jni.cpp, line 710]
Event: 272.000 Thread 0x00000000269ae800 Exception <a 'sun/nio/fs/WindowsException'> (0x00000000e6877940) thrown at [C:\src\AOSP-openjdk-git\hotspot\src\share\vm\prims\jni.cpp, line 710]
Event: 272.000 Thread 0x00000000269ae800 Exception <a 'sun/nio/fs/WindowsException'> (0x00000000e6879a08) thrown at [C:\src\AOSP-openjdk-git\hotspot\src\share\vm\prims\jni.cpp, line 710]
Event: 272.010 Thread 0x00000000269ae800 Exception <a 'sun/nio/fs/WindowsException'> (0x00000000e68d4348) thrown at [C:\src\AOSP-openjdk-git\hotspot\src\share\vm\prims\jni.cpp, line 710]
Event: 272.010 Thread 0x00000000269ae800 Exception <a 'sun/nio/fs/WindowsException'> (0x00000000e68d4e38) thrown at [C:\src\AOSP-openjdk-git\hotspot\src\share\vm\prims\jni.cpp, line 710]
Event: 272.010 Thread 0x00000000269ae800 Exception <a 'sun/nio/fs/WindowsException'> (0x00000000e68d6f00) thrown at [C:\src\AOSP-openjdk-git\hotspot\src\share\vm\prims\jni.cpp, line 710]
Event: 272.015 Thread 0x00000000269ae800 Exception <a 'sun/nio/fs/WindowsException'> (0x00000000e6e43360) thrown at [C:\src\AOSP-openjdk-git\hotspot\src\share\vm\prims\jni.cpp, line 710]
Event: 272.015 Thread 0x00000000269ae800 Exception <a 'sun/nio/fs/WindowsException'> (0x00000000e6e43e50) thrown at [C:\src\AOSP-openjdk-git\hotspot\src\share\vm\prims\jni.cpp, line 710]
Event: 272.015 Thread 0x00000000269ae800 Exception <a 'sun/nio/fs/WindowsException'> (0x00000000e6e45f18) thrown at [C:\src\AOSP-openjdk-git\hotspot\src\share\vm\prims\jni.cpp, line 710]
Event: 272.022 Thread 0x00000000215b7800 Exception <a 'java/lang/OutOfMemoryError'> (0x00000000e73e7118) thrown at [C:\src\AOSP-openjdk-git\hotspot\src\share\vm\prims\jni.cpp, line 737]

Events (10 events):
Event: 272.023 Thread 0x00000000215b7800 DEOPT UNPACKING pc=0x00000000026e557b sp=0x000000002f21e288 mode 2
Event: 272.023 loading class org/gradle/tooling/BuildException
Event: 272.023 loading class org/gradle/tooling/BuildException done
Event: 272.023 loading class org/gradle/tooling/BuildException
Event: 272.023 loading class org/gradle/tooling/BuildException done
Event: 272.023 loading class org/gradle/tooling/GradleConnectionException
Event: 272.023 loading class org/gradle/tooling/GradleConnectionException done
Event: 272.023 Thread 0x00000000215b7800 Uncommon trap: trap_request=0xffffffde fr.pc=0x0000000002c26800
Event: 272.023 Thread 0x00000000215b7800 DEOPT PACKING pc=0x0000000002c26800 sp=0x000000002f21e430
Event: 272.023 Thread 0x00000000215b7800 DEOPT UNPACKING pc=0x00000000026e557b sp=0x000000002f21e418 mode 2


Dynamic libraries:
0x00007ff71f590000 - 0x00007ff71f5c1000 	C:\Program Files\Android\Android Studio\jre\bin\java.exe
0x00007ff8aa030000 - 0x00007ff8aa225000 	C:\WINDOWS\SYSTEM32\ntdll.dll
0x00007ff8a8200000 - 0x00007ff8a82bd000 	C:\WINDOWS\System32\KERNEL32.DLL
0x00007ff8a7920000 - 0x00007ff8a7be7000 	C:\WINDOWS\System32\KERNELBASE.dll
0x00007ff8a41e0000 - 0x00007ff8a4270000 	C:\WINDOWS\SYSTEM32\apphelp.dll
0x00007ff8a80c0000 - 0x00007ff8a816a000 	C:\WINDOWS\System32\ADVAPI32.dll
0x00007ff8a8600000 - 0x00007ff8a869e000 	C:\WINDOWS\System32\msvcrt.dll
0x00007ff8a98d0000 - 0x00007ff8a996b000 	C:\WINDOWS\System32\sechost.dll
0x00007ff8a9970000 - 0x00007ff8a9a94000 	C:\WINDOWS\System32\RPCRT4.dll
0x00007ff8a93b0000 - 0x00007ff8a9550000 	C:\WINDOWS\System32\USER32.dll
0x00007ff8a78f0000 - 0x00007ff8a7912000 	C:\WINDOWS\System32\win32u.dll
0x00007ff8a8090000 - 0x00007ff8a80ba000 	C:\WINDOWS\System32\GDI32.dll
0x00007ff8a7ca0000 - 0x00007ff8a7da9000 	C:\WINDOWS\System32\gdi32full.dll
0x00007ff8a7fc0000 - 0x00007ff8a805d000 	C:\WINDOWS\System32\msvcp_win.dll
0x00007ff8a77f0000 - 0x00007ff8a78f0000 	C:\WINDOWS\System32\ucrtbase.dll
0x00007ff889600000 - 0x00007ff88989b000 	C:\WINDOWS\WinSxS\amd64_microsoft.windows.common-controls_6595b64144ccf1df_6.0.19041.488_none_ca04af081b815d21\COMCTL32.dll
0x00007ff8a9c60000 - 0x00007ff8a9c90000 	C:\WINDOWS\System32\IMM32.DLL
0x000000005b1d0000 - 0x000000005b2a2000 	C:\Program Files\Android\Android Studio\jre\jre\bin\msvcr100.dll
0x000000005bdd0000 - 0x000000005c61b000 	C:\Program Files\Android\Android Studio\jre\jre\bin\server\jvm.dll
0x00007ff8a9280000 - 0x00007ff8a9288000 	C:\WINDOWS\System32\PSAPI.DLL
0x00007ff892da0000 - 0x00007ff892da9000 	C:\WINDOWS\SYSTEM32\WSOCK32.dll
0x00007ff88e940000 - 0x00007ff88e967000 	C:\WINDOWS\SYSTEM32\WINMM.dll
0x00007ff89fe60000 - 0x00007ff89fe6a000 	C:\WINDOWS\SYSTEM32\VERSION.dll
0x00007ff8a9290000 - 0x00007ff8a92fb000 	C:\WINDOWS\System32\WS2_32.dll
0x00007ff8a1dc0000 - 0x00007ff8a1dcf000 	C:\Program Files\Android\Android Studio\jre\jre\bin\verify.dll
0x00007ff8890e0000 - 0x00007ff889109000 	C:\Program Files\Android\Android Studio\jre\jre\bin\java.dll
0x00007ff898b80000 - 0x00007ff898b96000 	C:\Program Files\Android\Android Studio\jre\jre\bin\zip.dll
0x00007ff8a8b10000 - 0x00007ff8a9251000 	C:\WINDOWS\System32\SHELL32.dll
0x00007ff8a52f0000 - 0x00007ff8a5a83000 	C:\WINDOWS\SYSTEM32\windows.storage.dll
0x00007ff8a9c90000 - 0x00007ff8a9fe5000 	C:\WINDOWS\System32\combase.dll
0x00007ff8a7110000 - 0x00007ff8a713c000 	C:\WINDOWS\SYSTEM32\Wldp.dll
0x00007ff8a9300000 - 0x00007ff8a93ae000 	C:\WINDOWS\System32\SHCORE.dll
0x00007ff8a97b0000 - 0x00007ff8a9805000 	C:\WINDOWS\System32\shlwapi.dll
0x00007ff8a76a0000 - 0x00007ff8a76c6000 	C:\WINDOWS\SYSTEM32\profapi.dll
0x00007ff895c00000 - 0x00007ff895c1a000 	C:\Program Files\Android\Android Studio\jre\jre\bin\net.dll
0x00007ff8a6f00000 - 0x00007ff8a6f6a000 	C:\WINDOWS\system32\mswsock.dll
0x00007ff895940000 - 0x00007ff895953000 	C:\Program Files\Android\Android Studio\jre\jre\bin\nio.dll
0x00007ff895c80000 - 0x00007ff895ca6000 	C:\Users\dolba\.gradle\native\31\windows-amd64\native-platform.dll
0x00007ff8a1d50000 - 0x00007ff8a1d5d000 	C:\Program Files\Android\Android Studio\jre\jre\bin\management.dll
0x00007ff8a7150000 - 0x00007ff8a7168000 	C:\WINDOWS\SYSTEM32\CRYPTSP.dll
0x00007ff8a6840000 - 0x00007ff8a6874000 	C:\WINDOWS\system32\rsaenh.dll
0x00007ff8a8060000 - 0x00007ff8a8087000 	C:\WINDOWS\System32\bcrypt.dll
0x00007ff8a7660000 - 0x00007ff8a768e000 	C:\WINDOWS\SYSTEM32\USERENV.dll
0x00007ff8a7770000 - 0x00007ff8a77ef000 	C:\WINDOWS\System32\bcryptprimitives.dll
0x00007ff8a7080000 - 0x00007ff8a708c000 	C:\WINDOWS\SYSTEM32\CRYPTBASE.dll
0x00007ff8a6bc0000 - 0x00007ff8a6bfb000 	C:\WINDOWS\SYSTEM32\IPHLPAPI.DLL
0x00007ff8a9b80000 - 0x00007ff8a9b89000 	C:\WINDOWS\System32\NSI.dll
0x00007ff89f480000 - 0x00007ff89f497000 	C:\WINDOWS\SYSTEM32\dhcpcsvc6.DLL
0x00007ff89f650000 - 0x00007ff89f66d000 	C:\WINDOWS\SYSTEM32\dhcpcsvc.DLL
0x00007ff8a6c10000 - 0x00007ff8a6cdb000 	C:\WINDOWS\SYSTEM32\DNSAPI.dll
0x00007ff8a2d70000 - 0x00007ff8a2d8e000 	C:\Users\dolba\AppData\Local\Temp\native-platform5140115832766731533dir\native-platform.dll
0x0000000066e00000 - 0x0000000066f03000 	C:\Users\dolba\AppData\Local\Temp\sqlite-3.25.2-b6359ad4-79a5-418a-b86c-b9d1bb9413e1-sqlitejdbc.dll
0x0000000028940000 - 0x0000000028a43000 	C:\Users\dolba\AppData\Local\Temp\sqlite-3.25.2-a3b45c37-b10b-4f48-8e4d-0326d022aecc-sqlitejdbc.dll
0x000000002c4a0000 - 0x000000002c5a3000 	C:\Users\dolba\AppData\Local\Temp\sqlite-3.25.2-27002dca-4b4c-46b0-be13-9d76ba987bff-sqlitejdbc.dll
0x00007ff8a6460000 - 0x00007ff8a6493000 	C:\WINDOWS\SYSTEM32\ntmarta.dll

VM Arguments:
jvm_args: -Xmx2048m -Dfile.encoding=windows-1251 -Duser.country=US -Duser.language=en -Duser.variant 
java_command: org.gradle.launcher.daemon.bootstrap.GradleDaemon 6.1.1
java_class_path (initial): C:\Users\dolba\.gradle\wrapper\dists\gradle-6.1.1-all\cfmwm155h49vnt3hynmlrsdst\gradle-6.1.1\lib\gradle-launcher-6.1.1.jar
Launcher Type: SUN_STANDARD

Environment Variables:
PATH=C:\Program Files (x86)\Common Files\Oracle\Java\javapath;C:\Windows\system32;C:\Windows;C:\Windows\System32\Wbem;C:\Windows\System32\WindowsPowerShell\v1.0\;C:\WINDOWS\system32;C:\WINDOWS;C:\WINDOWS\System32\Wbem;C:\WINDOWS\System32\WindowsPowerShell\v1.0\;C:\WINDOWS\System32\OpenSSH\;C:\gnuplot\bin;C:\WINDOWS\system32;C:\WINDOWS;C:\WINDOWS\System32\Wbem;C:\WINDOWS\System32\WindowsPowerShell\v1.0\;C:\WINDOWS\System32\OpenSSH\;C:\Program Files (x86)\NVIDIA Corporation\PhysX\Common;C:\Program Files\NVIDIA Corporation\NVIDIA NvDLISR;C:\src\flutter\bin;C:\Program Files\Git\cmd;C:\Users\dolba\AppData\Local\Microsoft\WindowsApps;C:\Program Files\JetBrains\PyCharm 2020.1.1\bin;C:\Program Files\JetBrains\WebStorm 2020.1.2\bin;C:\Users\dolba\MiKTex\miktex\bin\x64\
USERNAME=dolba
OS=Windows_NT
PROCESSOR_IDENTIFIER=Intel64 Family 6 Model 158 Stepping 10, GenuineIntel



---------------  S Y S T E M  ---------------

OS: Windows 10.0 , 64 bit Build 19041 (10.0.19041.292)

CPU:total 8 (initial active 8) (4 cores per cpu, 2 threads per core) family 6 model 158 stepping 10, cmov, cx8, fxsr, mmx, sse, sse2, sse3, ssse3, sse4.1, sse4.2, popcnt, avx, avx2, aes, clmul, erms, 3dnowpref, lzcnt, ht, tsc, tscinvbit, bmi1, bmi2, adx

Memory: 4k page, physical 16610356k(1165948k free), swap 25003060k(4128k free)

vm_info: OpenJDK 64-Bit Server VM (25.242-b01) for windows-amd64 JRE (1.8.0_242-release-1644-b01), built by "builder" with MS VC++ 10.0 (VS2010)

time: Fri Oct 02 12:19:53 2020
timezone: Russia TZ 2 Standard Time
elapsed time: 272 seconds (0d 0h 4m 32s)

